2004.08.06 12:36 B C:\Code\Java\Testing\Applet\ShowApplet$1.class --> www.tajspav.com /public_html ShowApplet$1.class
2004.08.06 12:36 B C:\Code\Java\Testing\Applet\ShowApplet.class --> www.tajspav.com /public_html ShowApplet.class
2004.08.06 12:41 A C:\Code\Java\Testing\Applet\test.txt --> www.tajspav.com /public_html test.txt
2004.08.06 12:41 A C:\Code\Java\Testing\Applet\test.txt --> www.tajspav.com /public_html test.txt
2004.08.06 12:42 B C:\Code\Java\Testing\Applet\ShowApplet$1.class --> www.tajspav.com /public_html ShowApplet$1.class
2004.08.06 12:42 B C:\Code\Java\Testing\Applet\ShowApplet.class --> www.tajspav.com /public_html ShowApplet.class
2004.08.10 17:01 B C:\Code\Java\Testing\Applet\FileParser.class --> www.tajspav.com /public_html FileParser.class
2004.08.10 17:01 B C:\Code\Java\Testing\Applet\FullWordException.class --> www.tajspav.com /public_html FullWordException.class
2004.08.10 17:01 B C:\Code\Java\Testing\Applet\GameList.class --> www.tajspav.com /public_html GameList.class
2004.08.10 17:01 B C:\Code\Java\Testing\Applet\Lexicon.class --> www.tajspav.com /public_html Lexicon.class
2004.08.10 17:01 B C:\Code\Java\Testing\Applet\LinkedString.class --> www.tajspav.com /public_html LinkedString.class
2004.08.10 17:01 B C:\Code\Java\Testing\Applet\MyRandom.class --> www.tajspav.com /public_html MyRandom.class
2004.08.10 17:01 B C:\Code\Java\Testing\Applet\PointerPack.class --> www.tajspav.com /public_html PointerPack.class
2004.08.10 17:01 B C:\Code\Java\Testing\Applet\PropSet.class --> www.tajspav.com /public_html PropSet.class
2004.08.10 17:01 B C:\Code\Java\Testing\Applet\RefuseListNode.class --> www.tajspav.com /public_html RefuseListNode.class
2004.08.10 17:01 B C:\Code\Java\Testing\Applet\TypingApplet.class --> www.tajspav.com /public_html TypingApplet.class
2004.08.10 17:01 B C:\Code\Java\Testing\Applet\TypingGUI.class --> www.tajspav.com /public_html TypingGUI.class
2004.08.10 17:01 B C:\Code\Java\Testing\Applet\TypingPanel.class --> www.tajspav.com /public_html TypingPanel.class
2004.08.10 17:01 B C:\Code\Java\Testing\Applet\UsedList.class --> www.tajspav.com /public_html UsedList.class
2004.08.10 17:01 B C:\Code\Java\Testing\Applet\Word.class --> www.tajspav.com /public_html Word.class
2004.08.10 17:01 B C:\Code\Java\Testing\Applet\WordNode.class --> www.tajspav.com /public_html WordNode.class
2004.08.10 17:01 B C:\Code\Java\Testing\Applet\WordPair.class --> www.tajspav.com /public_html WordPair.class
2004.08.10 17:01 B C:\Code\Java\Testing\Applet\WordSet.class --> www.tajspav.com /public_html WordSet.class
2004.08.10 17:02 A C:\Code\Java\Testing\Applet\lexicon.txt --> www.tajspav.com /public_html lexicon.txt
2004.08.10 17:02 A C:\Code\Java\Testing\Applet\nouns.txt --> www.tajspav.com /public_html nouns.txt
2004.08.10 17:02 A C:\Code\Java\Testing\Applet\verbs.txt --> www.tajspav.com /public_html verbs.txt
2004.08.10 17:02 A C:\Code\Java\Testing\Applet\typingapplet.html --> www.tajspav.com /public_html typingapplet.html
2004.08.10 17:07 B C:\Code\Java\Testing\Applet\TypingApplet.java --> www.tajspav.com /public_html TypingApplet.java
2004.08.10 17:07 B C:\Code\Java\Testing\Applet\TypingApplet.class --> www.tajspav.com /public_html TypingApplet.class
2004.08.10 17:07 B C:\Code\Java\Testing\Applet\Lexicon.class --> www.tajspav.com /public_html Lexicon.class
2004.08.10 17:08 B C:\Code\Java\Testing\Applet\TypingPanel.class --> www.tajspav.com /public_html TypingPanel.class
2004.08.10 17:11 A C:\Code\Java\Testing\Applet\typingapplet.html --> www.tajspav.com /public_html typingapplet.html
2004.08.10 17:46 B C:\Code\Java\Testing\Applet\TypingPanel.java --> www.tajspav.com /public_html TypingPanel.java
2004.10.07 10:55 A C:\Code\Java\Testing\Applet\verbs.txt --> www.tajspav.com /public_html verbs.txt
2004.10.08 14:28 B C:\Code\Java\Testing\Applet\Lexicon.class --> www.tajspav.com /public_html Lexicon.class
2004.10.08 14:28 B C:\Code\Java\Testing\Applet\TypingPanel.class --> www.tajspav.com /public_html TypingPanel.class
2004.10.08 14:28 B C:\Code\Java\Testing\Applet\UsedList.class --> www.tajspav.com /public_html UsedList.class
2004.10.08 14:31 A C:\Code\Java\Testing\Applet\lexicon.txt --> www.tajspav.com /public_html lexicon.txt
2004.10.08 14:32 A C:\Code\Java\Testing\Applet\nouns.txt --> www.tajspav.com /public_html nouns.txt
2004.10.08 14:32 A C:\Code\Java\Testing\Applet\verbs.txt --> www.tajspav.com /public_html verbs.txt
2004.10.08 14:38 B C:\Code\Java\Testing\Applet\TypingPanel.class --> www.tajspav.com /public_html TypingPanel.class
2004.10.08 14:57 B C:\Code\Java\Testing\Applet\TypingPanel.class --> www.tajspav.com /public_html TypingPanel.class
2004.10.08 14:59 B C:\Code\Java\Testing\Applet\TypingPanel.class --> www.tajspav.com /public_html TypingPanel.class
2004.10.08 15:01 B C:\Code\Java\Testing\Applet\TypingPanel.class --> www.tajspav.com /public_html TypingPanel.class
2004.10.08 15:03 B C:\Code\Java\Testing\Applet\TypingPanel.class --> www.tajspav.com /public_html TypingPanel.class
2004.10.08 15:03 A C:\Code\Java\Testing\Applet\verbs.txt --> www.tajspav.com /public_html verbs.txt
2004.10.08 15:09 B C:\Code\Java\Testing\Applet\TypingPanel.class --> www.tajspav.com /public_html TypingPanel.class
2004.10.08 15:31 B C:\Code\Java\Testing\Applet\TypingPanel.class --> www.tajspav.com /public_html TypingPanel.class
2004.10.08 15:56 B C:\Code\Java\Testing\Applet\TypingPanel.class --> www.tajspav.com /public_html TypingPanel.class
2004.10.08 16:36 A C:\Code\Java\Testing\Applet\typingapplet.html --> www.tajspav.com /public_html typingapplet.html
2004.10.08 16:37 A C:\Code\Java\Testing\Applet\typingapplet.html --> www.tajspav.com /public_html typingapplet.html
2004.10.08 16:42 A C:\Code\Java\Testing\Applet\typingapplet.html --> www.tajspav.com /public_html typingapplet.html
2004.10.08 16:42 A C:\Code\Java\Testing\Applet\typingapplet.html --> www.tajspav.com /public_html typingapplet.html
2004.10.08 16:44 A C:\Code\Java\Testing\Applet\typingapplet.html --> www.tajspav.com /public_html typingapplet.html
2004.10.08 16:45 A C:\Code\Java\Testing\Applet\typingapplet.html --> www.tajspav.com /public_html typingapplet.html
2004.10.08 16:46 A C:\Code\Java\Testing\Applet\instructions.html --> www.tajspav.com /public_html instructions.html
2004.10.08 16:48 A C:\Code\Java\Testing\Applet\typingapplet.html --> www.tajspav.com /public_html typingapplet.html
2004.10.08 16:49 A C:\Code\Java\Testing\Applet\typingapplet.html --> www.tajspav.com /public_html typingapplet.html
2004.10.08 16:50 A C:\Code\Java\Testing\Applet\typingapplet.html --> www.tajspav.com /public_html typingapplet.html
2004.10.08 17:07 B C:\Code\Java\Testing\Applet\TypingPanel.class --> www.tajspav.com /public_html TypingPanel.class
2004.10.08 17:08 B C:\Code\Java\Testing\Applet\TypingPanel.class --> www.tajspav.com /public_html TypingPanel.class
2004.10.08 17:10 B C:\Code\Java\Testing\Applet\TypingPanel.class --> www.tajspav.com /public_html TypingPanel.class
2004.10.08 19:40 A C:\Code\Java\Testing\Applet\typingapplet.html --> www.tajspav.com /public_html typingapplet.html
2004.10.08 19:46 A C:\Code\Java\Testing\Applet\typingapplet.html --> www.tajspav.com /public_html typingapplet.html
2004.10.08 19:46 A C:\Code\Java\Testing\Applet\instructions.html --> www.tajspav.com /public_html instructions.html
2004.10.08 19:48 A C:\Code\Java\Testing\Applet\instructions.html --> www.tajspav.com /public_html instructions.html
2004.10.10 16:23 A C:\Code\Java\Testing\Applet\typingapplet.html --> www.tajspav.com /public_html typingapplet.html
2004.10.10 16:25 A C:\Code\Java\Testing\Applet\typingapplet.html --> www.tajspav.com /public_html typingapplet.html
2004.10.10 16:27 A C:\Code\Java\Testing\Applet\typingapplet.html --> www.tajspav.com /public_html typingapplet.html
2004.10.10 16:28 A C:\Code\Java\Testing\Applet\typingapplet.html --> www.tajspav.com /public_html typingapplet.html
2004.10.10 16:28 A C:\Code\Java\Testing\Applet\typingapplet.html --> www.tajspav.com /public_html typingapplet.html
2004.10.10 16:29 A C:\Code\Java\Testing\Applet\typingapplet.html --> www.tajspav.com /public_html typingapplet.html
2004.10.10 16:29 A C:\Code\Java\Testing\Applet\typingapplet.html --> www.tajspav.com /public_html typingapplet.html
2004.10.10 16:34 A C:\Code\Java\Testing\Applet\instructions.html --> www.tajspav.com /public_html instructions.html
2004.10.10 16:37 A C:\Code\Java\Testing\Applet\instructions.html --> www.tajspav.com /public_html instructions.html
2004.10.10 16:40 A C:\Code\Java\Testing\Applet\instructions.html --> www.tajspav.com /public_html instructions.html
2004.10.12 13:30 A C:\Code\Java\Testing\Applet\typingapplet.html --> www.tajspav.com /public_html typingapplet.html
2004.10.12 13:31 A C:\Code\Java\Testing\Applet\typingapplet.html --> www.tajspav.com /public_html typingapplet.html
2004.10.12 13:32 A C:\Code\Java\Testing\Applet\typingapplet.html --> www.tajspav.com /public_html typingapplet.html
2004.10.12 13:34 A C:\Code\Java\Testing\Applet\typingapplet.html --> www.tajspav.com /public_html typingapplet.html
2004.10.12 13:34 A C:\Code\Java\Testing\Applet\typingapplet.html --> www.tajspav.com /public_html typingapplet.html
2004.10.12 13:35 A C:\Code\Java\Testing\Applet\typingapplet.html --> www.tajspav.com /public_html typingapplet.html
2004.10.12 13:35 A C:\Code\Java\Testing\Applet\typingapplet.html --> www.tajspav.com /public_html typingapplet.html
2004.10.13 18:27 A C:\Code\Java\Testing\Applet\typingapplet.html --> www.tajspav.com /public_html typingapplet.html
2004.10.13 18:44 A C:\Code\Java\Testing\Applet\typingapplet.html --> www.tajspav.com /public_html typingapplet.html
2004.10.14 15:50 A C:\Code\Java\Testing\Applet\typingapplet.html --> www.tajspav.com /public_html typingapplet.html
